<?xml version="1.0" encoding="UTF-8"?>
<!-- Generated by org.testng.reporters.JUnitReportReporter -->
<testsuite hostname="Suneel-pc" failures="0" tests="4" name="api.test.UserTests" time="11.789" errors="0" timestamp="2024-04-15T23:41:10 IST" skipped="0">
  <testcase classname="api.test.UserTests" name="testPostUser" time="6.237"/>
  <testcase classname="api.test.UserTests" name="testGetUserByName" time="1.434"/>
  <testcase classname="api.test.UserTests" name="testUpdateUserByName" time="2.720"/>
  <testcase classname="api.test.UserTests" name="testDeleteUserByName" time="1.398"/>
</testsuite> <!-- api.test.UserTests -->
