<?xml version="1.0" encoding="UTF-8"?>
<!-- Generated by org.testng.reporters.JUnitReportReporter -->
<testsuite hostname="Suneel-pc" failures="0" tests="4" name="api.test.UserTests2" time="11.530" errors="0" timestamp="2024-04-16T12:52:12 IST" skipped="0">
  <testcase classname="api.test.UserTests2" name="testPostUser" time="6.172"/>
  <testcase classname="api.test.UserTests2" name="testGetUserByName" time="1.423"/>
  <testcase classname="api.test.UserTests2" name="testUpdateUserByName" time="2.626"/>
  <testcase classname="api.test.UserTests2" name="testDeleteUserByName" time="1.309"/>
</testsuite> <!-- api.test.UserTests2 -->
