<?xml version="1.0" encoding="UTF-8"?>
<!-- Generated by org.testng.reporters.JUnitReportReporter -->
<testsuite hostname="Suneel-pc" failures="0" tests="4" name="api.test.UserTests" time="6.695" errors="0" timestamp="2024-04-16T12:26:55 IST" skipped="0">
  <testcase classname="api.test.UserTests" name="testPostUser" time="1.384"/>
  <testcase classname="api.test.UserTests" name="testGetUserByName" time="1.324"/>
  <testcase classname="api.test.UserTests" name="testUpdateUserByName" time="2.650"/>
  <testcase classname="api.test.UserTests" name="testDeleteUserByName" time="1.337"/>
</testsuite> <!-- api.test.UserTests -->
