<?xml version="1.0" encoding="UTF-8"?>
<!-- Generated by org.testng.reporters.JUnitReportReporter -->
<testsuite hostname="Suneel-pc" failures="0" tests="6" name="api.test.DDTests" time="12.622" errors="0" timestamp="2024-04-16T12:26:55 IST" skipped="0">
  <testcase classname="api.test.DDTests" name="testPostuser" time="1.362"/>
  <testcase classname="api.test.DDTests" name="testPostuser" time="1.323"/>
  <testcase classname="api.test.DDTests" name="testPostuser" time="5.864"/>
  <testcase classname="api.test.DDTests" name="testDeleteUserByName" time="1.359"/>
  <testcase classname="api.test.DDTests" name="testDeleteUserByName" time="1.339"/>
  <testcase classname="api.test.DDTests" name="testDeleteUserByName" time="1.375"/>
</testsuite> <!-- api.test.DDTests -->
